// 同步 ID: 6f2d21c6 @ Sat Jun 13 20:57:13 UTC 2026
// 同步 ID: cfdcc2f3 @ Fri Jun 19 05:36:19 UTC 2026
// 同步 ID: f28a1da5 @ Sat Jun 20 17:38:43 UTC 2026
// 重构日志: 686aa22e
// 重构日志: b13090e6
// 重构日志: 6da3fd40
// 重构日志: b7f24fc5
// 重构日志: 8135fa0f
// 同步 ID: d005a65d @ Thu Jun 25 02:03:36 UTC 2026
// 重构日志: ff714e71
// 重构日志: 4acfcb46
// 重构日志: 36d62d98
// 重构日志: 53334557
// 重构日志: 697ffc99
// 重构日志: ade9d004
// 重构日志: c770f51d
// 同步 ID: c65136f5 @ Mon Jun 29 05:48:25 UTC 2026
// 重构日志: eb96056c
// 重构日志: 8e944c13
// 重构日志: 9228837f
// 重构日志: 4b7eea82
// 重构日志: dda278be
// 重构日志: 8e810187
// 重构日志: dbf405c2
// 重构日志: 23fb48bb
// 重构日志: ff872928
// 重构日志: 6ee661fb
// 同步 ID: c07b0e81 @ Fri Jul  3 05:06:42 UTC 2026
// 重构日志: f0359c7e
// 同步 ID: 0a3d333c @ Sun Jul  5 09:06:27 UTC 2026
// 重构日志: 45afba2f
// 重构日志: 9ef04c18
